c:\users\olli\documents\koodijutut\c++ kämät\dawnoftherats\dawnoftherats\game\x64\debug\vc143.pdb
c:\users\olli\documents\koodijutut\c++ kämät\dawnoftherats\dawnoftherats\game\x64\debug\vc143.idb
c:\users\olli\documents\koodijutut\c++ kämät\dawnoftherats\dawnoftherats\game\x64\debug\windowmanager.obj
c:\users\olli\documents\koodijutut\c++ kämät\dawnoftherats\dawnoftherats\game\x64\debug\game.ilk
c:\users\olli\documents\koodijutut\c++ kämät\dawnoftherats\dawnoftherats\x64\debug\game.exe
c:\users\olli\documents\koodijutut\c++ kämät\dawnoftherats\dawnoftherats\x64\debug\game.pdb
c:\users\olli\documents\koodijutut\c++ kämät\dawnoftherats\dawnoftherats\game\x64\debug\main.obj
c:\users\olli\documents\koodijutut\c++ kämät\dawnoftherats\dawnoftherats\game\x64\debug\game.tlog\cl.command.1.tlog
c:\users\olli\documents\koodijutut\c++ kämät\dawnoftherats\dawnoftherats\game\x64\debug\game.tlog\cl.read.1.tlog
c:\users\olli\documents\koodijutut\c++ kämät\dawnoftherats\dawnoftherats\game\x64\debug\game.tlog\cl.write.1.tlog
c:\users\olli\documents\koodijutut\c++ kämät\dawnoftherats\dawnoftherats\game\x64\debug\game.tlog\link-cvtres.read.1.tlog
c:\users\olli\documents\koodijutut\c++ kämät\dawnoftherats\dawnoftherats\game\x64\debug\game.tlog\link-cvtres.write.1.tlog
c:\users\olli\documents\koodijutut\c++ kämät\dawnoftherats\dawnoftherats\game\x64\debug\game.tlog\link-rc.read.1.tlog
c:\users\olli\documents\koodijutut\c++ kämät\dawnoftherats\dawnoftherats\game\x64\debug\game.tlog\link-rc.write.1.tlog
c:\users\olli\documents\koodijutut\c++ kämät\dawnoftherats\dawnoftherats\game\x64\debug\game.tlog\link.15584-cvtres.read.1.tlog
c:\users\olli\documents\koodijutut\c++ kämät\dawnoftherats\dawnoftherats\game\x64\debug\game.tlog\link.15584-cvtres.write.1.tlog
c:\users\olli\documents\koodijutut\c++ kämät\dawnoftherats\dawnoftherats\game\x64\debug\game.tlog\link.15584-rc.read.1.tlog
c:\users\olli\documents\koodijutut\c++ kämät\dawnoftherats\dawnoftherats\game\x64\debug\game.tlog\link.15584-rc.write.1.tlog
c:\users\olli\documents\koodijutut\c++ kämät\dawnoftherats\dawnoftherats\game\x64\debug\game.tlog\link.15584.read.1.tlog
c:\users\olli\documents\koodijutut\c++ kämät\dawnoftherats\dawnoftherats\game\x64\debug\game.tlog\link.15584.read.2.tlog
c:\users\olli\documents\koodijutut\c++ kämät\dawnoftherats\dawnoftherats\game\x64\debug\game.tlog\link.15584.write.1.tlog
c:\users\olli\documents\koodijutut\c++ kämät\dawnoftherats\dawnoftherats\game\x64\debug\game.tlog\link.command.1.tlog
c:\users\olli\documents\koodijutut\c++ kämät\dawnoftherats\dawnoftherats\game\x64\debug\game.tlog\link.read.1.tlog
c:\users\olli\documents\koodijutut\c++ kämät\dawnoftherats\dawnoftherats\game\x64\debug\game.tlog\link.read.2.tlog
c:\users\olli\documents\koodijutut\c++ kämät\dawnoftherats\dawnoftherats\game\x64\debug\game.tlog\link.write.1.tlog
